app/build/intermediates/manifest_merge_blame_file/debug/manifest-merger-blame-debug-report.txt
1<?xml version="1.0" encoding="utf-8"?>
2<manifest xmlns:android="http://schemas.android.com/apk/res/android"
3    package="com.base.mvvm"
4    android:versionCode="1"
5    android:versionName="1.0" >
6
7    <uses-sdk
8        android:minSdkVersion="24"
8-->src/main/AndroidManifest.xml
9        android:targetSdkVersion="33" />
9-->src/main/AndroidManifest.xml
10
11    <!-- Internet -->
12    <uses-feature
12-->src/main/AndroidManifest.xml:6:5-8:36
13        android:name="android.hardware.camera"
13-->src/main/AndroidManifest.xml:7:9-47
14        android:required="false" />
14-->src/main/AndroidManifest.xml:8:9-33
15
16    <uses-permission android:name="android.permission.INTERNET" />
16-->src/main/AndroidManifest.xml:10:5-66
16-->src/main/AndroidManifest.xml:10:22-64
17    <uses-permission android:name="android.permission.ACCESS_NETWORK_STATE" />
17-->src/main/AndroidManifest.xml:11:5-79
17-->src/main/AndroidManifest.xml:11:22-76
18
19    <!-- Camera, Gallery -->
20    <uses-permission android:name="android.permission.CAMERA" />
20-->src/main/AndroidManifest.xml:14:5-65
20-->src/main/AndroidManifest.xml:14:22-62
21    <uses-permission android:name="android.permission.READ_EXTERNAL_STORAGE" />
21-->src/main/AndroidManifest.xml:15:5-80
21-->src/main/AndroidManifest.xml:15:22-77
22    <uses-permission android:name="android.permission.WRITE_EXTERNAL_STORAGE" />
22-->src/main/AndroidManifest.xml:16:5-81
22-->src/main/AndroidManifest.xml:16:22-78
23    <uses-permission android:name="android.permission.READ_MEDIA_IMAGES" />
23-->src/main/AndroidManifest.xml:17:5-76
23-->src/main/AndroidManifest.xml:17:22-73
24    <uses-permission android:name="android.permission.MANAGE_EXTERNAL_STORAGE" />
24-->src/main/AndroidManifest.xml:18:5-82
24-->src/main/AndroidManifest.xml:18:22-79
25
26    <queries>
26-->[com.github.dhaval2404:imagepicker:2.1] AndroidManifest.xml:9:5-19:15
27
28        <!-- Query Camera Packages -->
29        <intent>
29-->[com.github.dhaval2404:imagepicker:2.1] AndroidManifest.xml:12:9-14:18
30            <action android:name="android.media.action.IMAGE_CAPTURE" />
30-->[com.github.dhaval2404:imagepicker:2.1] AndroidManifest.xml:13:13-73
30-->[com.github.dhaval2404:imagepicker:2.1] AndroidManifest.xml:13:21-70
31        </intent>
32        <!-- Query Open Document -->
33        <intent>
33-->[com.github.dhaval2404:imagepicker:2.1] AndroidManifest.xml:16:9-18:18
34            <action android:name="android.intent.action.OPEN_DOCUMENT_TREE" />
34-->[com.github.dhaval2404:imagepicker:2.1] AndroidManifest.xml:17:13-79
34-->[com.github.dhaval2404:imagepicker:2.1] AndroidManifest.xml:17:21-76
35        </intent>
36    </queries>
37
38    <uses-permission android:name="android.permission.WAKE_LOCK" />
38-->[com.google.android.gms:play-services-measurement:18.0.3] AndroidManifest.xml:25:5-68
38-->[com.google.android.gms:play-services-measurement:18.0.3] AndroidManifest.xml:25:22-65
39    <uses-permission android:name="com.google.android.finsky.permission.BIND_GET_INSTALL_REFERRER_SERVICE" />
39-->[com.google.android.gms:play-services-measurement:18.0.3] AndroidManifest.xml:26:5-110
39-->[com.google.android.gms:play-services-measurement:18.0.3] AndroidManifest.xml:26:22-107
40
41    <permission
41-->[androidx.core:core:1.13.1] AndroidManifest.xml:22:5-24:47
42        android:name="com.base.mvvm.DYNAMIC_RECEIVER_NOT_EXPORTED_PERMISSION"
42-->[androidx.core:core:1.13.1] AndroidManifest.xml:23:9-81
43        android:protectionLevel="signature" />
43-->[androidx.core:core:1.13.1] AndroidManifest.xml:24:9-44
44
45    <uses-permission android:name="com.base.mvvm.DYNAMIC_RECEIVER_NOT_EXPORTED_PERMISSION" />
45-->[androidx.core:core:1.13.1] AndroidManifest.xml:26:5-97
45-->[androidx.core:core:1.13.1] AndroidManifest.xml:26:22-94
46
47    <application
47-->src/main/AndroidManifest.xml:21:5-214:19
48        android:name="com.finance.MVVMApplication"
48-->src/main/AndroidManifest.xml:29:9-40
49        android:allowBackup="true"
49-->src/main/AndroidManifest.xml:22:9-35
50        android:appComponentFactory="androidx.core.app.CoreComponentFactory"
50-->[androidx.core:core:1.13.1] AndroidManifest.xml:28:18-86
51        android:debuggable="true"
52        android:extractNativeLibs="false"
53        android:hardwareAccelerated="true"
53-->src/main/AndroidManifest.xml:30:9-43
54        android:icon="@mipmap/ic_launcher"
54-->src/main/AndroidManifest.xml:23:9-43
55        android:label="@string/app_name"
55-->src/main/AndroidManifest.xml:24:9-41
56        android:networkSecurityConfig="@xml/network_security_config"
56-->src/main/AndroidManifest.xml:27:9-69
57        android:roundIcon="@mipmap/ic_launcher_round"
57-->src/main/AndroidManifest.xml:25:9-54
58        android:supportsRtl="true"
58-->src/main/AndroidManifest.xml:26:9-35
59        android:testOnly="true"
60        android:theme="@style/Base.Theme.Finance" >
60-->src/main/AndroidManifest.xml:28:9-50
61        <activity
61-->src/main/AndroidManifest.xml:32:9-39:20
62            android:name="com.finance.ui.login.LoginActivity"
62-->src/main/AndroidManifest.xml:33:13-51
63            android:exported="true" >
63-->src/main/AndroidManifest.xml:34:13-36
64            <intent-filter>
64-->src/main/AndroidManifest.xml:35:13-38:29
65                <action android:name="android.intent.action.MAIN" />
65-->src/main/AndroidManifest.xml:36:17-69
65-->src/main/AndroidManifest.xml:36:25-66
66
67                <category android:name="android.intent.category.LAUNCHER" />
67-->src/main/AndroidManifest.xml:37:17-77
67-->src/main/AndroidManifest.xml:37:27-74
68            </intent-filter>
69        </activity>
70        <activity
70-->src/main/AndroidManifest.xml:40:9-43:20
71            android:name="com.finance.ui.password.forget.ForgetPasswordActivity"
71-->src/main/AndroidManifest.xml:40:19-76
72            android:exported="true"
72-->src/main/AndroidManifest.xml:41:13-36
73            android:windowSoftInputMode="adjustResize|stateHidden" >
73-->src/main/AndroidManifest.xml:42:13-67
74        </activity>
75        <activity
75-->src/main/AndroidManifest.xml:44:9-47:20
76            android:name="com.finance.ui.password.reset.ResetPasswordActivity"
76-->src/main/AndroidManifest.xml:44:19-74
77            android:exported="true"
77-->src/main/AndroidManifest.xml:45:13-36
78            android:windowSoftInputMode="adjustResize|stateHidden" >
78-->src/main/AndroidManifest.xml:46:13-67
79        </activity>
80        <activity
80-->src/main/AndroidManifest.xml:48:9-50:20
81            android:name="com.finance.ui.key.infor.KeyInfoActivity"
81-->src/main/AndroidManifest.xml:48:19-63
82            android:exported="true" >
82-->src/main/AndroidManifest.xml:49:13-36
83        </activity>
84        <activity
84-->src/main/AndroidManifest.xml:51:9-54:20
85            android:name="com.finance.ui.key.group.details.KeyGroupDetailsActivity"
85-->src/main/AndroidManifest.xml:51:19-79
86            android:exported="true"
86-->src/main/AndroidManifest.xml:52:13-36
87            android:windowSoftInputMode="adjustResize|stateHidden" >
87-->src/main/AndroidManifest.xml:53:13-67
88        </activity>
89        <activity
89-->src/main/AndroidManifest.xml:55:9-57:20
90            android:name="com.finance.ui.key.group.KeyGroupActivity"
90-->src/main/AndroidManifest.xml:55:19-64
91            android:exported="true" >
91-->src/main/AndroidManifest.xml:56:13-36
92        </activity>
93        <activity
93-->src/main/AndroidManifest.xml:58:9-61:20
94            android:name="com.finance.ui.key.details.KeyDetailsActivity"
94-->src/main/AndroidManifest.xml:58:19-68
95            android:exported="true"
95-->src/main/AndroidManifest.xml:59:13-36
96            android:windowSoftInputMode="adjustResize|stateHidden" >
96-->src/main/AndroidManifest.xml:60:13-67
97        </activity>
98        <activity
98-->src/main/AndroidManifest.xml:62:9-64:20
99            android:name="com.finance.ui.department.DepartmentActivity"
99-->src/main/AndroidManifest.xml:62:19-67
100            android:exported="true" >
100-->src/main/AndroidManifest.xml:63:13-36
101        </activity>
102        <activity
102-->src/main/AndroidManifest.xml:65:9-67:20
103            android:name="com.finance.ui.category.CategoryActivity"
103-->src/main/AndroidManifest.xml:65:19-63
104            android:exported="true" >
104-->src/main/AndroidManifest.xml:66:13-36
105        </activity>
106        <activity
106-->src/main/AndroidManifest.xml:68:9-71:20
107            android:name="com.finance.ui.department.details.DepartmentDetailActivity"
107-->src/main/AndroidManifest.xml:68:19-81
108            android:exported="true"
108-->src/main/AndroidManifest.xml:69:13-36
109            android:windowSoftInputMode="adjustResize|stateHidden" >
109-->src/main/AndroidManifest.xml:70:13-67
110        </activity>
111        <activity
111-->src/main/AndroidManifest.xml:72:9-75:20
112            android:name="com.finance.ui.category.details.CategoryDetailsActivity"
112-->src/main/AndroidManifest.xml:72:19-78
113            android:exported="true"
113-->src/main/AndroidManifest.xml:73:13-36
114            android:windowSoftInputMode="adjustResize|stateHidden" >
114-->src/main/AndroidManifest.xml:74:13-67
115        </activity>
116        <activity
116-->src/main/AndroidManifest.xml:76:9-79:20
117            android:name="com.finance.ui.main.MainActivity"
117-->src/main/AndroidManifest.xml:76:19-55
118            android:exported="true"
118-->src/main/AndroidManifest.xml:77:13-36
119            android:windowSoftInputMode="adjustPan" >
119-->src/main/AndroidManifest.xml:78:13-52
120        </activity>
121        <activity
121-->src/main/AndroidManifest.xml:80:9-83:15
122            android:name="com.finance.ui.fragment.account.update.UpdateProfileActivity"
122-->src/main/AndroidManifest.xml:80:19-83
123            android:exported="true"
123-->src/main/AndroidManifest.xml:81:13-36
124            android:windowSoftInputMode="adjustResize|stateHidden" />
124-->src/main/AndroidManifest.xml:82:13-67
125        <activity
125-->src/main/AndroidManifest.xml:84:9-87:15
126            android:name="com.finance.ui.fragment.statistics.detail.StaticsDetailActivity"
126-->src/main/AndroidManifest.xml:84:19-86
127            android:exported="true"
127-->src/main/AndroidManifest.xml:85:13-36
128            android:windowSoftInputMode="adjustResize|stateHidden" />
128-->src/main/AndroidManifest.xml:86:13-67
129        <activity
129-->src/main/AndroidManifest.xml:88:9-91:15
130            android:name="com.finance.ui.transaction.detail.TransactionDetailActivity"
130-->src/main/AndroidManifest.xml:88:19-82
131            android:exported="true"
131-->src/main/AndroidManifest.xml:89:13-36
132            android:windowSoftInputMode="adjustResize|stateHidden" />
132-->src/main/AndroidManifest.xml:90:13-67
133        <activity
133-->src/main/AndroidManifest.xml:92:9-95:15
134            android:name="com.finance.ui.transaction.create_or_update.TransactionCreateUpdateActivity"
134-->src/main/AndroidManifest.xml:92:19-98
135            android:exported="true"
135-->src/main/AndroidManifest.xml:93:13-36
136            android:windowSoftInputMode="adjustResize|stateHidden" />
136-->src/main/AndroidManifest.xml:94:13-67
137        <activity
137-->src/main/AndroidManifest.xml:96:9-99:15
138            android:name="com.finance.ui.transaction.group.TransactionGroupActivity"
138-->src/main/AndroidManifest.xml:96:19-80
139            android:exported="true"
139-->src/main/AndroidManifest.xml:97:13-36
140            android:windowSoftInputMode="adjustResize|stateHidden" />
140-->src/main/AndroidManifest.xml:98:13-67
141        <activity
141-->src/main/AndroidManifest.xml:100:9-103:15
142            android:name="com.finance.ui.transaction.group.detail.TransactionGroupDetailActivity"
142-->src/main/AndroidManifest.xml:100:19-93
143            android:exported="true"
143-->src/main/AndroidManifest.xml:101:13-36
144            android:windowSoftInputMode="adjustResize|stateHidden" />
144-->src/main/AndroidManifest.xml:102:13-67
145        <activity
145-->src/main/AndroidManifest.xml:104:9-107:15
146            android:name="com.finance.ui.service.ServiceActivity"
146-->src/main/AndroidManifest.xml:104:19-61
147            android:exported="true"
147-->src/main/AndroidManifest.xml:105:13-36
148            android:windowSoftInputMode="adjustResize|stateHidden" />
148-->src/main/AndroidManifest.xml:106:13-67
149        <activity
149-->src/main/AndroidManifest.xml:108:9-111:15
150            android:name="com.finance.ui.service.detail.ServiceDetailActivity"
150-->src/main/AndroidManifest.xml:108:19-74
151            android:exported="true"
151-->src/main/AndroidManifest.xml:109:13-36
152            android:windowSoftInputMode="adjustResize|stateHidden" />
152-->src/main/AndroidManifest.xml:110:13-67
153        <activity
153-->src/main/AndroidManifest.xml:112:9-115:15
154            android:name="com.finance.ui.service.group.ServiceGroupActivity"
154-->src/main/AndroidManifest.xml:112:19-72
155            android:exported="true"
155-->src/main/AndroidManifest.xml:113:13-36
156            android:windowSoftInputMode="adjustResize|stateHidden" />
156-->src/main/AndroidManifest.xml:114:13-67
157        <activity
157-->src/main/AndroidManifest.xml:116:9-119:15
158            android:name="com.finance.ui.service.group.detail.ServiceGroupDetailActivity"
158-->src/main/AndroidManifest.xml:116:19-85
159            android:exported="true"
159-->src/main/AndroidManifest.xml:117:13-36
160            android:windowSoftInputMode="adjustResize|stateHidden" />
160-->src/main/AndroidManifest.xml:118:13-67
161        <activity
161-->src/main/AndroidManifest.xml:120:9-123:15
162            android:name="com.finance.ui.password.change.ChangePasswordActivity"
162-->src/main/AndroidManifest.xml:120:19-76
163            android:exported="true"
163-->src/main/AndroidManifest.xml:121:13-36
164            android:windowSoftInputMode="adjustResize|stateHidden" />
164-->src/main/AndroidManifest.xml:122:13-67
165        <activity
165-->src/main/AndroidManifest.xml:124:9-127:15
166            android:name="com.finance.ui.service.schedule.ServiceScheduleActivity"
166-->src/main/AndroidManifest.xml:124:19-78
167            android:exported="true"
167-->src/main/AndroidManifest.xml:125:13-36
168            android:windowSoftInputMode="adjustResize|stateHidden" />
168-->src/main/AndroidManifest.xml:126:13-67
169        <activity
169-->src/main/AndroidManifest.xml:128:9-131:15
170            android:name="com.finance.ui.organization.OrganizationActivity"
170-->src/main/AndroidManifest.xml:128:19-71
171            android:exported="true"
171-->src/main/AndroidManifest.xml:129:13-36
172            android:windowSoftInputMode="adjustResize|stateHidden" />
172-->src/main/AndroidManifest.xml:130:13-67
173        <activity
173-->src/main/AndroidManifest.xml:132:9-135:15
174            android:name="com.finance.ui.organization.detail.OrganizationDetailActivity"
174-->src/main/AndroidManifest.xml:132:19-84
175            android:exported="true"
175-->src/main/AndroidManifest.xml:133:13-36
176            android:windowSoftInputMode="adjustResize|stateHidden" />
176-->src/main/AndroidManifest.xml:134:13-67
177        <activity
177-->src/main/AndroidManifest.xml:136:9-138:54
178            android:name="com.finance.ui.key.filter.KeyFilterActivity"
178-->src/main/AndroidManifest.xml:136:19-66
179            android:exported="true"
179-->src/main/AndroidManifest.xml:137:13-36
180            android:windowSoftInputMode="adjustPan" />
180-->src/main/AndroidManifest.xml:138:13-52
181        <activity
181-->src/main/AndroidManifest.xml:139:9-142:15
182            android:name="com.finance.ui.project.detail.ProjectDetailActivity"
182-->src/main/AndroidManifest.xml:139:19-74
183            android:exported="true"
183-->src/main/AndroidManifest.xml:140:13-36
184            android:windowSoftInputMode="adjustResize|stateHidden" />
184-->src/main/AndroidManifest.xml:141:13-67
185        <activity
185-->src/main/AndroidManifest.xml:143:9-146:15
186            android:name="com.finance.ui.project.ProjectActivity"
186-->src/main/AndroidManifest.xml:143:19-61
187            android:exported="true"
187-->src/main/AndroidManifest.xml:144:13-36
188            android:windowSoftInputMode="adjustResize|stateHidden" />
188-->src/main/AndroidManifest.xml:145:13-67
189        <activity
189-->src/main/AndroidManifest.xml:147:9-150:15
190            android:name="com.finance.ui.nofication.NotificationActivity"
190-->src/main/AndroidManifest.xml:147:19-69
191            android:exported="true"
191-->src/main/AndroidManifest.xml:148:13-36
192            android:windowSoftInputMode="adjustResize|stateHidden" />
192-->src/main/AndroidManifest.xml:149:13-67
193        <activity
193-->src/main/AndroidManifest.xml:151:9-154:15
194            android:name="com.finance.ui.task.detail.TaskDetailActivity"
194-->src/main/AndroidManifest.xml:151:19-68
195            android:exported="true"
195-->src/main/AndroidManifest.xml:152:13-36
196            android:windowSoftInputMode="adjustResize|stateHidden" />
196-->src/main/AndroidManifest.xml:153:13-67
197        <activity
197-->src/main/AndroidManifest.xml:155:9-158:15
198            android:name="com.finance.ui.task.create_or_update.TaskCreateUpdateActivity"
198-->src/main/AndroidManifest.xml:155:19-84
199            android:exported="true"
199-->src/main/AndroidManifest.xml:156:13-36
200            android:windowSoftInputMode="adjustResize|stateHidden" />
200-->src/main/AndroidManifest.xml:157:13-67
201        <activity
201-->src/main/AndroidManifest.xml:160:9-163:15
202            android:name="com.finance.ui.task.filter.TaskFilterActivity"
202-->src/main/AndroidManifest.xml:160:19-68
203            android:exported="true"
203-->src/main/AndroidManifest.xml:161:13-36
204            android:windowSoftInputMode="adjustResize|stateHidden" />
204-->src/main/AndroidManifest.xml:162:13-67
205        <activity
205-->src/main/AndroidManifest.xml:164:9-167:15
206            android:name="com.finance.ui.debit.DebitActivity"
206-->src/main/AndroidManifest.xml:164:19-57
207            android:exported="true"
207-->src/main/AndroidManifest.xml:165:13-36
208            android:windowSoftInputMode="adjustResize|stateHidden" />
208-->src/main/AndroidManifest.xml:166:13-67
209        <activity
209-->src/main/AndroidManifest.xml:168:9-171:15
210            android:name="com.finance.ui.debit.detail.DebitDetailActivity"
210-->src/main/AndroidManifest.xml:168:19-70
211            android:exported="true"
211-->src/main/AndroidManifest.xml:169:13-36
212            android:windowSoftInputMode="adjustResize|stateHidden" />
212-->src/main/AndroidManifest.xml:170:13-67
213        <activity
213-->src/main/AndroidManifest.xml:172:9-175:15
214            android:name="com.finance.ui.debit.update.DebitUpdateActivity"
214-->src/main/AndroidManifest.xml:172:19-70
215            android:exported="true"
215-->src/main/AndroidManifest.xml:173:13-36
216            android:windowSoftInputMode="adjustResize|stateHidden" />
216-->src/main/AndroidManifest.xml:174:13-67
217        <activity
217-->src/main/AndroidManifest.xml:176:9-179:15
218            android:name="com.finance.ui.subtask.SubTaskActivity"
218-->src/main/AndroidManifest.xml:176:19-61
219            android:exported="true"
219-->src/main/AndroidManifest.xml:177:13-36
220            android:windowSoftInputMode="adjustResize|stateHidden" />
220-->src/main/AndroidManifest.xml:178:13-67
221        <activity
221-->src/main/AndroidManifest.xml:181:9-184:15
222            android:name="com.finance.ui.image.ImageActivity"
222-->src/main/AndroidManifest.xml:181:19-57
223            android:exported="true"
223-->src/main/AndroidManifest.xml:182:13-36
224            android:windowSoftInputMode="adjustResize|stateHidden" />
224-->src/main/AndroidManifest.xml:183:13-67
225        <activity
225-->src/main/AndroidManifest.xml:185:9-188:15
226            android:name="com.finance.ui.task.TaskActivity"
226-->src/main/AndroidManifest.xml:185:19-55
227            android:exported="true"
227-->src/main/AndroidManifest.xml:186:13-36
228            android:windowSoftInputMode="adjustResize|stateHidden" />
228-->src/main/AndroidManifest.xml:187:13-67
229        <activity
229-->src/main/AndroidManifest.xml:189:9-192:15
230            android:name="com.finance.ui.document.DocumentActivity"
230-->src/main/AndroidManifest.xml:189:19-63
231            android:exported="true"
231-->src/main/AndroidManifest.xml:190:13-36
232            android:windowSoftInputMode="adjustResize|stateHidden" />
232-->src/main/AndroidManifest.xml:191:13-67
233        <activity
233-->src/main/AndroidManifest.xml:194:9-197:15
234            android:name="com.finance.ui.tag.TagActivity"
234-->src/main/AndroidManifest.xml:194:19-53
235            android:exported="true"
235-->src/main/AndroidManifest.xml:195:13-36
236            android:windowSoftInputMode="adjustResize|stateHidden" />
236-->src/main/AndroidManifest.xml:196:13-67
237        <activity
237-->src/main/AndroidManifest.xml:199:9-202:15
238            android:name="com.finance.ui.tag.detail.TagDetailActivity"
238-->src/main/AndroidManifest.xml:199:19-66
239            android:exported="true"
239-->src/main/AndroidManifest.xml:200:13-36
240            android:windowSoftInputMode="adjustResize|stateHidden" />
240-->src/main/AndroidManifest.xml:201:13-67
241
242        <provider
243            android:name="androidx.core.content.FileProvider"
243-->src/main/AndroidManifest.xml:205:13-62
244            android:authorities="com.base.mvvm.provider"
244-->src/main/AndroidManifest.xml:206:13-60
245            android:exported="false"
245-->src/main/AndroidManifest.xml:207:13-37
246            android:grantUriPermissions="true" >
246-->src/main/AndroidManifest.xml:208:13-47
247            <meta-data
247-->src/main/AndroidManifest.xml:209:13-211:54
248                android:name="android.support.FILE_PROVIDER_PATHS"
248-->src/main/AndroidManifest.xml:210:17-67
249                android:resource="@xml/file_paths" />
249-->src/main/AndroidManifest.xml:211:17-51
250        </provider>
251
252        <activity
252-->[com.github.dhaval2404:imagepicker:2.1] AndroidManifest.xml:22:9-25:68
253            android:name="com.github.dhaval2404.imagepicker.ImagePickerActivity"
253-->[com.github.dhaval2404:imagepicker:2.1] AndroidManifest.xml:23:13-81
254            android:screenOrientation="unspecified"
254-->[com.github.dhaval2404:imagepicker:2.1] AndroidManifest.xml:24:13-52
255            android:theme="@style/Theme.Transparent.ImagePicker" />
255-->[com.github.dhaval2404:imagepicker:2.1] AndroidManifest.xml:25:13-65
256        <activity
256-->[com.github.dhaval2404:imagepicker:2.1] AndroidManifest.xml:26:9-29:72
257            android:name="com.yalantis.ucrop.UCropActivity"
257-->[com.github.dhaval2404:imagepicker:2.1] AndroidManifest.xml:27:13-60
258            android:screenOrientation="portrait"
258-->[com.github.dhaval2404:imagepicker:2.1] AndroidManifest.xml:28:13-49
259            android:theme="@style/Theme.AppCompat.Light.NoActionBar" />
259-->[com.github.dhaval2404:imagepicker:2.1] AndroidManifest.xml:29:13-69
260
261        <provider
261-->[com.github.dhaval2404:imagepicker:2.1] AndroidManifest.xml:31:9-39:20
262            android:name="com.github.dhaval2404.imagepicker.ImagePickerFileProvider"
262-->[com.github.dhaval2404:imagepicker:2.1] AndroidManifest.xml:32:13-85
263            android:authorities="com.base.mvvm.imagepicker.provider"
263-->[com.github.dhaval2404:imagepicker:2.1] AndroidManifest.xml:33:13-72
264            android:exported="false"
264-->[com.github.dhaval2404:imagepicker:2.1] AndroidManifest.xml:34:13-37
265            android:grantUriPermissions="true" >
265-->[com.github.dhaval2404:imagepicker:2.1] AndroidManifest.xml:35:13-47
266            <meta-data
266-->src/main/AndroidManifest.xml:209:13-211:54
267                android:name="android.support.FILE_PROVIDER_PATHS"
267-->src/main/AndroidManifest.xml:210:17-67
268                android:resource="@xml/image_picker_provider_paths" />
268-->src/main/AndroidManifest.xml:211:17-51
269        </provider>
270
271        <receiver
271-->[com.google.android.gms:play-services-measurement:18.0.3] AndroidManifest.xml:29:9-33:20
272            android:name="com.google.android.gms.measurement.AppMeasurementReceiver"
272-->[com.google.android.gms:play-services-measurement:18.0.3] AndroidManifest.xml:30:13-85
273            android:enabled="true"
273-->[com.google.android.gms:play-services-measurement:18.0.3] AndroidManifest.xml:31:13-35
274            android:exported="false" >
274-->[com.google.android.gms:play-services-measurement:18.0.3] AndroidManifest.xml:32:13-37
275        </receiver>
276
277        <service
277-->[com.google.android.gms:play-services-measurement:18.0.3] AndroidManifest.xml:35:9-38:40
278            android:name="com.google.android.gms.measurement.AppMeasurementService"
278-->[com.google.android.gms:play-services-measurement:18.0.3] AndroidManifest.xml:36:13-84
279            android:enabled="true"
279-->[com.google.android.gms:play-services-measurement:18.0.3] AndroidManifest.xml:37:13-35
280            android:exported="false" />
280-->[com.google.android.gms:play-services-measurement:18.0.3] AndroidManifest.xml:38:13-37
281        <service
281-->[com.google.android.gms:play-services-measurement:18.0.3] AndroidManifest.xml:39:9-43:72
282            android:name="com.google.android.gms.measurement.AppMeasurementJobService"
282-->[com.google.android.gms:play-services-measurement:18.0.3] AndroidManifest.xml:40:13-87
283            android:enabled="true"
283-->[com.google.android.gms:play-services-measurement:18.0.3] AndroidManifest.xml:41:13-35
284            android:exported="false"
284-->[com.google.android.gms:play-services-measurement:18.0.3] AndroidManifest.xml:42:13-37
285            android:permission="android.permission.BIND_JOB_SERVICE" />
285-->[com.google.android.gms:play-services-measurement:18.0.3] AndroidManifest.xml:43:13-69
286        <service
286-->[com.google.android.gms:play-services-measurement-api:18.0.3] AndroidManifest.xml:27:9-33:19
287            android:name="com.google.firebase.components.ComponentDiscoveryService"
287-->[com.google.android.gms:play-services-measurement-api:18.0.3] AndroidManifest.xml:28:13-84
288            android:directBootAware="true"
288-->[com.google.firebase:firebase-common:19.5.0] AndroidManifest.xml:35:13-43
289            android:exported="false" >
289-->[com.google.android.gms:play-services-measurement-api:18.0.3] AndroidManifest.xml:29:13-37
290            <meta-data
290-->[com.google.android.gms:play-services-measurement-api:18.0.3] AndroidManifest.xml:30:13-32:85
291                android:name="com.google.firebase.components:com.google.firebase.analytics.connector.internal.AnalyticsConnectorRegistrar"
291-->[com.google.android.gms:play-services-measurement-api:18.0.3] AndroidManifest.xml:31:17-139
292                android:value="com.google.firebase.components.ComponentRegistrar" />
292-->[com.google.android.gms:play-services-measurement-api:18.0.3] AndroidManifest.xml:32:17-82
293            <meta-data
293-->[com.google.firebase:firebase-crashlytics:17.4.1] AndroidManifest.xml:18:13-20:85
294                android:name="com.google.firebase.components:com.google.firebase.crashlytics.CrashlyticsRegistrar"
294-->[com.google.firebase:firebase-crashlytics:17.4.1] AndroidManifest.xml:19:17-115
295                android:value="com.google.firebase.components.ComponentRegistrar" />
295-->[com.google.firebase:firebase-crashlytics:17.4.1] AndroidManifest.xml:20:17-82
296            <meta-data
296-->[com.google.firebase:firebase-installations:16.3.5] AndroidManifest.xml:18:13-20:85
297                android:name="com.google.firebase.components:com.google.firebase.installations.FirebaseInstallationsRegistrar"
297-->[com.google.firebase:firebase-installations:16.3.5] AndroidManifest.xml:19:17-127
298                android:value="com.google.firebase.components.ComponentRegistrar" />
298-->[com.google.firebase:firebase-installations:16.3.5] AndroidManifest.xml:20:17-82
299            <!--
300                This registrar is not defined in the dynamic-module-support sdk itself to allow non-firebase
301                clients to use it as well, by defining this registrar in their own core/common library.
302            -->
303            <meta-data
303-->[com.google.firebase:firebase-common:19.5.0] AndroidManifest.xml:43:13-45:85
304                android:name="com.google.firebase.components:com.google.firebase.dynamicloading.DynamicLoadingRegistrar"
304-->[com.google.firebase:firebase-common:19.5.0] AndroidManifest.xml:44:17-121
305                android:value="com.google.firebase.components.ComponentRegistrar" />
305-->[com.google.firebase:firebase-common:19.5.0] AndroidManifest.xml:45:17-82
306        </service>
307
308        <provider
308-->[com.google.firebase:firebase-common:19.5.0] AndroidManifest.xml:26:9-31:39
309            android:name="com.google.firebase.provider.FirebaseInitProvider"
309-->[com.google.firebase:firebase-common:19.5.0] AndroidManifest.xml:27:13-77
310            android:authorities="com.base.mvvm.firebaseinitprovider"
310-->[com.google.firebase:firebase-common:19.5.0] AndroidManifest.xml:28:13-72
311            android:directBootAware="true"
311-->[com.google.firebase:firebase-common:19.5.0] AndroidManifest.xml:29:13-43
312            android:exported="false"
312-->[com.google.firebase:firebase-common:19.5.0] AndroidManifest.xml:30:13-37
313            android:initOrder="100" />
313-->[com.google.firebase:firebase-common:19.5.0] AndroidManifest.xml:31:13-36
314
315        <meta-data
315-->[com.google.android.gms:play-services-basement:17.0.0] AndroidManifest.xml:23:9-25:69
316            android:name="com.google.android.gms.version"